-------------------------------------------------------------------------------
Test set: TestSuite
-------------------------------------------------------------------------------
Tests run: 1, Failures: 1, Errors: 0, Skipped: 0, Time elapsed: 156.469 s <<< FAILURE! - in TestSuite
homePage(com.example.FirstTest)  Time elapsed: 121.438 s  <<< FAILURE!
org.openqa.selenium.WebDriverException: 
chrome not reachable
Build info: version: '3.141.59', revision: 'e82be7d358', time: '2018-11-14T08:17:03'
System info: host: 'vaibhav-Inspiron-3542', ip: '127.0.1.1', os.name: 'Linux', os.arch: 'amd64', os.version: '5.15.0-46-generic', java.version: '18.0.1.1'
Driver info: driver.version: ChromeDriver
remote stacktrace: #0 0x5645a6510f33 <unknown>
#1 0x5645a625afaf <unknown>
#2 0x5645a6249209 <unknown>
#3 0x5645a6281a79 <unknown>
#4 0x5645a627d9d0 <unknown>
#5 0x5645a6279d5a <unknown>
#6 0x5645a62b4d3a <unknown>
#7 0x5645a62aee63 <unknown>
#8 0x5645a628482a <unknown>
#9 0x5645a6285985 <unknown>
#10 0x5645a65554cd <unknown>
#11 0x5645a65595ec <unknown>
#12 0x5645a653f71e <unknown>
#13 0x5645a655a238 <unknown>
#14 0x5645a6534870 <unknown>
#15 0x5645a6576608 <unknown>
#16 0x5645a6576788 <unknown>
#17 0x5645a6590f1d <unknown>
#18 0x7fa1c2dc2609 <unknown>

	at com.example.FirstTest.homePage(FirstTest.java:19)

