<?xml version="1.0" encoding="UTF-8"?>
<!-- Generated by org.testng.reporters.JUnitXMLReporter -->
<testsuite ignored="0" hostname="vaibhav-Inspiron-3542" failures="1" tests="1" name="Surefire test" time="121.255" errors="0" timestamp="18 Aug 2022 09:00:09 GMT">
  <testcase classname="com.example.FirstTest" name="homePage" time="120.902">
    <failure type="org.openqa.selenium.WebDriverException" message="chrome not reachable
Build info: version: &amp;apos;3.141.59&amp;apos;, revision: &amp;apos;e82be7d358&amp;apos;, time: &amp;apos;2018-11-14T08:17:03&amp;apos;
System info: host: &amp;apos;vaibhav-Inspiron-3542&amp;apos;, ip: &amp;apos;127.0.1.1&amp;apos;, os.name: &amp;apos;Linux&amp;apos;, os.arch: &amp;apos;amd64&amp;apos;, os.version: &amp;apos;5.15.0-46-generic&amp;apos;, java.version: &amp;apos;18.0.1.1&amp;apos;
Driver info: driver.version: ChromeDriver
remote stacktrace: #0 0x5645a6510f33 &amp;lt;unknown&amp;gt;
#1 0x5645a625afaf &amp;lt;unknown&amp;gt;
#2 0x5645a6249209 &amp;lt;unknown&amp;gt;
#3 0x5645a6281a79 &amp;lt;unknown&amp;gt;
#4 0x5645a627d9d0 &amp;lt;unknown&amp;gt;
#5 0x5645a6279d5a &amp;lt;unknown&amp;gt;
#6 0x5645a62b4d3a &amp;lt;unknown&amp;gt;
#7 0x5645a62aee63 &amp;lt;unknown&amp;gt;
#8 0x5645a628482a &amp;lt;unknown&amp;gt;
#9 0x5645a6285985 &amp;lt;unknown&amp;gt;
#10 0x5645a65554cd &amp;lt;unknown&amp;gt;
#11 0x5645a65595ec &amp;lt;unknown&amp;gt;
#12 0x5645a653f71e &amp;lt;unknown&amp;gt;
#13 0x5645a655a238 &amp;lt;unknown&amp;gt;
#14 0x5645a6534870 &amp;lt;unknown&amp;gt;
#15 0x5645a6576608 &amp;lt;unknown&amp;gt;
#16 0x5645a6576788 &amp;lt;unknown&amp;gt;
#17 0x5645a6590f1d &amp;lt;unknown&amp;gt;
#18 0x7fa1c2dc2609 &amp;lt;unknown&amp;gt;
">
      <![CDATA[org.openqa.selenium.WebDriverException: chrome not reachable
Build info: version: '3.141.59', revision: 'e82be7d358', time: '2018-11-14T08:17:03'
System info: host: 'vaibhav-Inspiron-3542', ip: '127.0.1.1', os.name: 'Linux', os.arch: 'amd64', os.version: '5.15.0-46-generic', java.version: '18.0.1.1'
Driver info: driver.version: ChromeDriver
remote stacktrace: #0 0x5645a6510f33 <unknown>
#1 0x5645a625afaf <unknown>
#2 0x5645a6249209 <unknown>
#3 0x5645a6281a79 <unknown>
#4 0x5645a627d9d0 <unknown>
#5 0x5645a6279d5a <unknown>
#6 0x5645a62b4d3a <unknown>
#7 0x5645a62aee63 <unknown>
#8 0x5645a628482a <unknown>
#9 0x5645a6285985 <unknown>
#10 0x5645a65554cd <unknown>
#11 0x5645a65595ec <unknown>
#12 0x5645a653f71e <unknown>
#13 0x5645a655a238 <unknown>
#14 0x5645a6534870 <unknown>
#15 0x5645a6576608 <unknown>
#16 0x5645a6576788 <unknown>
#17 0x5645a6590f1d <unknown>
#18 0x7fa1c2dc2609 <unknown>

at org.openqa.selenium.remote.W3CHandshakeResponse.lambda$errorHandler$0(W3CHandshakeResponse.java:62)
at org.openqa.selenium.remote.HandshakeResponse.lambda$getResponseFunction$0(HandshakeResponse.java:30)
at org.openqa.selenium.remote.ProtocolHandshake.lambda$createSession$0(ProtocolHandshake.java:126)
at java.base/java.util.stream.ReferencePipeline$3$1.accept(ReferencePipeline.java:197)
at java.base/java.util.Spliterators$ArraySpliterator.tryAdvance(Spliterators.java:1002)
at java.base/java.util.stream.ReferencePipeline.forEachWithCancel(ReferencePipeline.java:129)
at java.base/java.util.stream.AbstractPipeline.copyIntoWithCancel(AbstractPipeline.java:527)
at java.base/java.util.stream.AbstractPipeline.copyInto(AbstractPipeline.java:513)
at java.base/java.util.stream.AbstractPipeline.wrapAndCopyInto(AbstractPipeline.java:499)
at java.base/java.util.stream.FindOps$FindOp.evaluateSequential(FindOps.java:150)
at java.base/java.util.stream.AbstractPipeline.evaluate(AbstractPipeline.java:234)
at java.base/java.util.stream.ReferencePipeline.findFirst(ReferencePipeline.java:647)
at org.openqa.selenium.remote.ProtocolHandshake.createSession(ProtocolHandshake.java:128)
at org.openqa.selenium.remote.ProtocolHandshake.createSession(ProtocolHandshake.java:74)
at org.openqa.selenium.remote.HttpCommandExecutor.execute(HttpCommandExecutor.java:136)
at org.openqa.selenium.remote.service.DriverCommandExecutor.execute(DriverCommandExecutor.java:83)
at org.openqa.selenium.remote.RemoteWebDriver.execute(RemoteWebDriver.java:552)
at org.openqa.selenium.remote.RemoteWebDriver.startSession(RemoteWebDriver.java:213)
at org.openqa.selenium.remote.RemoteWebDriver.<init>(RemoteWebDriver.java:131)
at org.openqa.selenium.chrome.ChromeDriver.<init>(ChromeDriver.java:181)
at org.openqa.selenium.chrome.ChromeDriver.<init>(ChromeDriver.java:168)
at org.openqa.selenium.chrome.ChromeDriver.<init>(ChromeDriver.java:123)
at com.example.FirstTest.homePage(FirstTest.java:19)
... Removed 31 stack frames]]>
    </failure>
  </testcase> <!-- homePage -->
</testsuite> <!-- Surefire test -->
